Determining if the pthread_create exist failed with the following output:
Change Dir: /home/xavilla/ros_workspaces/lab2/build/CMakeFiles/CMakeTmp

Run Build Command:"/usr/bin/make" "cmTC_707ff/fast"
/usr/bin/make -f CMakeFiles/cmTC_707ff.dir/build.make CMakeFiles/cmTC_707ff.dir/build
make[1]: Entering directory '/home/xavilla/ros_workspaces/lab2/build/CMakeFiles/CMakeTmp'
Building C object CMakeFiles/cmTC_707ff.dir/CheckSymbolExists.c.o
/usr/bin/cc     -o CMakeFiles/cmTC_707ff.dir/CheckSymbolExists.c.o   -c /home/xavilla/ros_workspaces/lab2/build/CMakeFiles/CMakeTmp/CheckSymbolExists.c
Linking C executable cmTC_707ff
/usr/bin/cmake -E cmake_link_script CMakeFiles/cmTC_707ff.dir/link.txt --verbose=1
/usr/bin/cc       CMakeFiles/cmTC_707ff.dir/CheckSymbolExists.c.o  -o cmTC_707ff -rdynamic 
CMakeFiles/cmTC_707ff.dir/CheckSymbolExists.c.o: In function `main':
CheckSymbolExists.c:(.text+0x16): undefined reference to `pthread_create'
collect2: error: ld returned 1 exit status
CMakeFiles/cmTC_707ff.dir/build.make:97: recipe for target 'cmTC_707ff' failed
make[1]: *** [cmTC_707ff] Error 1
make[1]: Leaving directory '/home/xavilla/ros_workspaces/lab2/build/CMakeFiles/CMakeTmp'
Makefile:126: recipe for target 'cmTC_707ff/fast' failed
make: *** [cmTC_707ff/fast] Error 2

File /home/xavilla/ros_workspaces/lab2/build/CMakeFiles/CMakeTmp/CheckSymbolExists.c:
/* */
#include <pthread.h>

int main(int argc, char** argv)
{
  (void)argv;
#ifndef pthread_create
  return ((int*)(&pthread_create))[argc];
#else
  (void)argc;
  return 0;
#endif
}

Determining if the function pthread_create exists in the pthreads failed with the following output:
Change Dir: /home/xavilla/ros_workspaces/lab2/build/CMakeFiles/CMakeTmp

Run Build Command:"/usr/bin/make" "cmTC_594c1/fast"
/usr/bin/make -f CMakeFiles/cmTC_594c1.dir/build.make CMakeFiles/cmTC_594c1.dir/build
make[1]: Entering directory '/home/xavilla/ros_workspaces/lab2/build/CMakeFiles/CMakeTmp'
Building C object CMakeFiles/cmTC_594c1.dir/CheckFunctionExists.c.o
/usr/bin/cc    -DCHECK_FUNCTION_EXISTS=pthread_create   -o CMakeFiles/cmTC_594c1.dir/CheckFunctionExists.c.o   -c /usr/share/cmake-3.5/Modules/CheckFunctionExists.c
Linking C executable cmTC_594c1
/usr/bin/cmake -E cmake_link_script CMakeFiles/cmTC_594c1.dir/link.txt --verbose=1
/usr/bin/cc   -DCHECK_FUNCTION_EXISTS=pthread_create    CMakeFiles/cmTC_594c1.dir/CheckFunctionExists.c.o  -o cmTC_594c1 -rdynamic -lpthreads 
/usr/bin/ld: cannot find -lpthreads
collect2: error: ld returned 1 exit status
CMakeFiles/cmTC_594c1.dir/build.make:97: recipe for target 'cmTC_594c1' failed
make[1]: *** [cmTC_594c1] Error 1
make[1]: Leaving directory '/home/xavilla/ros_workspaces/lab2/build/CMakeFiles/CMakeTmp'
Makefile:126: recipe for target 'cmTC_594c1/fast' failed
make: *** [cmTC_594c1/fast] Error 2


