Determining if the pthread_create exist failed with the following output:
Change Dir: /home/xavilla/ros_workspaces/lab1/build/CMakeFiles/CMakeTmp

Run Build Command:"/usr/bin/make" "cmTC_d571b/fast"
/usr/bin/make -f CMakeFiles/cmTC_d571b.dir/build.make CMakeFiles/cmTC_d571b.dir/build
make[1]: Entering directory '/home/xavilla/ros_workspaces/lab1/build/CMakeFiles/CMakeTmp'
Building C object CMakeFiles/cmTC_d571b.dir/CheckSymbolExists.c.o
/usr/bin/cc     -o CMakeFiles/cmTC_d571b.dir/CheckSymbolExists.c.o   -c /home/xavilla/ros_workspaces/lab1/build/CMakeFiles/CMakeTmp/CheckSymbolExists.c
Linking C executable cmTC_d571b
/usr/bin/cmake -E cmake_link_script CMakeFiles/cmTC_d571b.dir/link.txt --verbose=1
/usr/bin/cc       CMakeFiles/cmTC_d571b.dir/CheckSymbolExists.c.o  -o cmTC_d571b -rdynamic 
CMakeFiles/cmTC_d571b.dir/CheckSymbolExists.c.o: In function `main':
CheckSymbolExists.c:(.text+0x16): undefined reference to `pthread_create'
collect2: error: ld returned 1 exit status
CMakeFiles/cmTC_d571b.dir/build.make:97: recipe for target 'cmTC_d571b' failed
make[1]: *** [cmTC_d571b] Error 1
make[1]: Leaving directory '/home/xavilla/ros_workspaces/lab1/build/CMakeFiles/CMakeTmp'
Makefile:126: recipe for target 'cmTC_d571b/fast' failed
make: *** [cmTC_d571b/fast] Error 2

File /home/xavilla/ros_workspaces/lab1/build/CMakeFiles/CMakeTmp/CheckSymbolExists.c:
/* */
#include <pthread.h>

int main(int argc, char** argv)
{
  (void)argv;
#ifndef pthread_create
  return ((int*)(&pthread_create))[argc];
#else
  (void)argc;
  return 0;
#endif
}

Determining if the function pthread_create exists in the pthreads failed with the following output:
Change Dir: /home/xavilla/ros_workspaces/lab1/build/CMakeFiles/CMakeTmp

Run Build Command:"/usr/bin/make" "cmTC_685be/fast"
/usr/bin/make -f CMakeFiles/cmTC_685be.dir/build.make CMakeFiles/cmTC_685be.dir/build
make[1]: Entering directory '/home/xavilla/ros_workspaces/lab1/build/CMakeFiles/CMakeTmp'
Building C object CMakeFiles/cmTC_685be.dir/CheckFunctionExists.c.o
/usr/bin/cc    -DCHECK_FUNCTION_EXISTS=pthread_create   -o CMakeFiles/cmTC_685be.dir/CheckFunctionExists.c.o   -c /usr/share/cmake-3.5/Modules/CheckFunctionExists.c
Linking C executable cmTC_685be
/usr/bin/cmake -E cmake_link_script CMakeFiles/cmTC_685be.dir/link.txt --verbose=1
/usr/bin/cc   -DCHECK_FUNCTION_EXISTS=pthread_create    CMakeFiles/cmTC_685be.dir/CheckFunctionExists.c.o  -o cmTC_685be -rdynamic -lpthreads 
/usr/bin/ld: cannot find -lpthreads
collect2: error: ld returned 1 exit status
CMakeFiles/cmTC_685be.dir/build.make:97: recipe for target 'cmTC_685be' failed
make[1]: *** [cmTC_685be] Error 1
make[1]: Leaving directory '/home/xavilla/ros_workspaces/lab1/build/CMakeFiles/CMakeTmp'
Makefile:126: recipe for target 'cmTC_685be/fast' failed
make: *** [cmTC_685be/fast] Error 2


